<?xml version="1.0" encoding="UTF-8"?>
<testng-results ignored="0" total="1" passed="1" failed="0" skipped="0">
  <reporter-output>
  </reporter-output>
  <suite started-at="2024-12-07T12:31:12 IST" name="Suite" finished-at="2024-12-07T12:35:41 IST" duration-ms="269342">
    <groups>
    </groups>
    <test started-at="2024-12-07T12:31:12 IST" name="chromeTest" finished-at="2024-12-07T12:35:41 IST" duration-ms="269342">
      <class name="airtable.utils.Reports">
        <test-method is-config="true" signature="startReport()[pri:0, instance:airtable.utils.Reports@233795b6]" started-at="2024-12-07T12:31:11 IST" name="startReport" finished-at="2024-12-07T12:31:12 IST" duration-ms="373" status="PASS">
          <reporter-output>
          </reporter-output>
        </test-method> <!-- startReport -->
        <test-method is-config="true" signature="endReport()[pri:0, instance:airtable.utils.Reports@233795b6]" started-at="2024-12-07T12:35:41 IST" name="endReport" finished-at="2024-12-07T12:35:42 IST" duration-ms="899" status="PASS">
          <reporter-output>
          </reporter-output>
        </test-method> <!-- endReport -->
      </class> <!-- airtable.utils.Reports -->
      <class name="airtable.tests.AirtableTest1">
        <test-method is-config="true" signature="login()[pri:0, instance:airtable.tests.AirtableTest1@4d1c00d0]" started-at="2024-12-07T12:31:12 IST" name="login" finished-at="2024-12-07T12:31:12 IST" duration-ms="1" status="PASS">
          <reporter-output>
          </reporter-output>
        </test-method> <!-- login -->
        <test-method is-config="true" signature="login1(java.lang.String,java.lang.String)[pri:0, instance:airtable.tests.AirtableTest1@4d1c00d0]" started-at="2024-12-07T12:31:13 IST" name="login1" finished-at="2024-12-07T12:31:29 IST" duration-ms="16030" status="PASS">
          <params>
            <param index="0">
              <value>
                <![CDATA[chrome]]>
              </value>
            </param>
            <param index="1">
              <value>
                <![CDATA[https://jailer.konnectify.io/login]]>
              </value>
            </param>
          </params>
          <reporter-output>
          </reporter-output>
        </test-method> <!-- login1 -->
        <test-method signature="logintest1(java.lang.String,java.lang.String,java.lang.String,java.lang.String)[pri:1, instance:airtable.tests.AirtableTest1@4d1c00d0]" started-at="2024-12-07T12:31:29 IST" name="logintest1" data-provider="get" finished-at="2024-12-07T12:35:41 IST" duration-ms="251960" status="PASS">
          <params>
            <param index="0">
              <value>
                <![CDATA[Konnectifyqa+5@gmail.com]]>
              </value>
            </param>
            <param index="1">
              <value>
                <![CDATA[Testing@123]]>
              </value>
            </param>
            <param index="2">
              <value>
                <![CDATA[Airtable]]>
              </value>
            </param>
            <param index="3">
              <value>
                <![CDATA[AT3-NewFramework]]>
              </value>
            </param>
          </params>
          <reporter-output>
          </reporter-output>
        </test-method> <!-- logintest1 -->
      </class> <!-- airtable.tests.AirtableTest1 -->
    </test> <!-- chromeTest -->
  </suite> <!-- Suite -->
</testng-results>
